5857 History
30637 History
4158 History
2462 History
14777 History
13232 History
10644 History
4188 History
18521 History
12096 History
17320 History
10517 History
16165 History
14203 History
4125 History
2053 History
4201 History
3896 History
13120 History
2657 History
10727 History
10955 History
24612 History
4198 History
12556 History
23108 History
7882 History
13202 History
5861 History
4174 History
19400 History
3073 History
13333 History
5414 History
17325 History
28334 History
16164 History
4180 History
1752 History
17407 History
17520 History
21210 History
10003 History
1858 History
4133 History
16349 History
21977 History
16297 History
18314 History
3897 History
4193 History
16896 History
6164 History
4137 History
22523 History
22021 History
7684 History
13217 History
14108 History
24585 History
2464 History
12767 History
17917 History
20475 History
20288 History
2610 History
2133 History
19863 History
4678 History
5128 History
16565 History
15856 History
17174 History
18356 History
15725 History
33113 History
1932 History
2972 History
3430 History
6719 History
4159 History
9813 History
16598 History
21276 History
21871 History
24893 History
29143 History
30412 History
1861 History
6764 History
14436 History
28879 History
35208 History
3861 History
10434 History
11701 History
13701 History
15400 History
20196 History
19255 History
11150 Poetry
10635 Poetry
1034 Poetry
27408 Poetry
27407 Poetry
10587 Poetry
28660 Poetry
21210 Poetry
17548 Poetry
8122 Poetry
21628 Poetry
6438 Poetry
4678 Poetry
10835 Poetry
13037 Poetry
6930 Poetry
11073 Poetry
38468 Poetry
9651 Poetry
13560 Poetry
13908 Poetry
5616 Poetry
13298 Poetry
15448 Poetry
22490 Poetry
26445 Poetry
18396 Poetry
22308 Poetry
28771 Poetry
18842 Poetry
18909 Poetry
2002 Poetry
10089 Poetry
4679 Poetry
8171 Poetry
20017 Poetry
30023 Poetry
12219 Poetry
2665 Poetry
6686 Poetry
36508 Poetry
11374 Poetry
17472 Poetry
13650 Poetry
24760 Poetry
13648 Poetry
15205 Poetry
5332 Poetry
4027 Poetry
19316 Poetry
20431 Poetry
23972 Poetry
11083 Poetry
12882 Poetry
24083 Poetry
17104 Poetry
14005 Poetry
19385 Poetry
5300 Poetry
13322 Poetry
14077 Poetry
19525 Poetry
17065 Poetry
21785 Poetry
26650 Poetry
28218 Poetry
30720 Poetry
23348 Poetry
2294 Poetry
11435 Poetry
9823 Poetry
23318 Poetry
30327 Poetry
10994 Poetry
11333 Poetry
19993 Poetry
17254 Poetry
20558 Poetry
1006 Poetry
2619 Poetry
22456 Poetry
26736 Poetry
4921 Poetry
9610 Poetry
10469 Poetry
6081 Poetry
10910 Poetry
20535 Poetry
29649 Poetry
12458 Poetry
12510 Poetry
13561 Poetry
16686 Poetry
29378 Poetry
10219 Poetry
2388 Poetry
11857 Poetry
14232 Poetry
16506 Poetry
1001 Poetry
30452 Fiction
1231 Fiction
6974 Fiction
3047 Fiction
16502 Fiction
2462 Fiction
5922 Fiction
5836 Fiction
7198 Fiction
2284 Fiction
1313 Fiction
9398 Fiction
9223 Fiction
23207 Fiction
7520 Fiction
5969 Fiction
5925 Fiction
5909 Fiction
5358 Fiction
18181 Fiction
4086 Fiction
4058 Fiction
1078 Fiction
9611 Fiction
7239 Fiction
21243 Fiction
20080 Fiction
2642 Fiction
27903 Fiction
13415 Fiction
1076 Fiction
2149 Fiction
8169 Fiction
1725 Fiction
6241 Fiction
40745 Fiction
5600 Fiction
10727 Fiction
5935 Fiction
12556 Fiction
23108 Fiction
1210 Fiction
22357 Fiction
12750 Fiction
2776 Fiction
14556 Fiction
5830 Fiction
30691 Fiction
5923 Fiction
2569 Fiction
4620 Fiction
30400 Fiction
14204 Fiction
17371 Fiction
7949 Fiction
5195 Fiction
18182 Fiction
17377 Fiction
1805 Fiction
21928 Fiction
29809 Fiction
1752 Fiction
20486 Fiction
28660 Fiction
4348 Fiction
1655 Fiction
15865 Fiction
1858 Fiction
20877 Fiction
7867 Fiction
16202 Fiction
16896 Fiction
30686 Fiction
21104 Fiction
22297 Fiction
32024 Fiction
7684 Fiction
22233 Fiction
28537 Fiction
22091 Fiction
2497 Fiction
2026 Fiction
3602 Fiction
5610 Fiction
6069 Fiction
8410 Fiction
9243 Fiction
8716 Fiction
12124 Fiction
15569 Fiction
7369 Fiction
19027 Fiction
19907 Fiction
20475 Fiction
20728 Fiction
21106 Fiction
20992 Fiction
21626 Fiction
22310 Fiction
22883 Fiction
3543 Drama
1755 Drama
1669 Drama
23046 Drama
28334 Drama
10587 Drama
15153 Drama
24500 Drama
20288 Drama
1922 Drama
6447 Drama
24914 Drama
29222 Drama
3790 Drama
3612 Drama
4021 Drama
12141 Drama
7067 Drama
10850 Drama
15744 Drama
5193 Drama
35173 Drama
38901 Drama
5604 Drama
6563 Drama
7235 Drama
2913 Drama
15629 Drama
18550 Drama
1977 Drama
3618 Drama
4043 Drama
24761 Drama
30505 Drama
13589 Drama
2878 Drama
29225 Drama
1191 Drama
2446 Drama
5397 Drama
12110 Drama
3486 Drama
13425 Drama
5333 Drama
29231 Drama
6347 Drama
23044 Drama
26954 Drama
24607 Drama
29224 Drama
7986 Drama
22188 Drama
10747 Drama
18769 Drama
3488 Drama
7991 Drama
33957 Drama
5166 Drama
1192 Drama
16564 Drama
16659 Drama
14549 Drama
4025 Drama
42022 Drama
1753 Drama
3771 Drama
12040 Drama
2506 Drama
3490 Drama
10847 Drama
7279 Drama
14246 Drama
21515 Drama
17719 Drama
20264 Drama
15081 Drama
4906 Drama
1589 Drama
25531 Drama
20225 Drama
1121 Drama
8606 Drama
12915 Drama
10606 Drama
15788 Drama
2536 Drama
15902 Drama
28527 Drama
22782 Drama
19028 Drama
1097 Drama
15378 Drama
23043 Drama
10096 Drama
4024 Drama
6742 Drama
7282 Drama
21334 Drama
3484 Drama
9079 Drama
18521 Biology
2925 Biology
2923 Biology
14325 Biology
1043 Biology
20556 Biology
24923 Biology
2930 Biology
29739 Biology
2089 Biology
16729 Biology
6882 Biology
24800 Biology
2921 Biology
27600 Biology
2924 Biology
1909 Biology
2926 Biology
15707 Biology
2936 Biology
2300 Biology
16136 Biology
6335 Biology
10060 Biology
2929 Biology
2009 Biology
2739 Biology
25711 Biology
28897 Biology
26438 Biology
26260 Biology
24648 Biology
24456 Biology
22764 Biology
22728 Biology
2922 Biology
2740 Biology
1228 Biology
30412 Music
10757 Music
11755 Music
21259 Music
22035 Music
12882 Music
20571 Music
26477 Music
10529 Music
2662 Music
10652 Music
21723 Music
10448 Music
30562 Music
10653 Music
14018 Music
20078 Music
29634 Music
23800 Music
12237 Music
16467 Music
29361 Music
18044 Music
17773 Music
10499 Music
10503 Music
10470 Music
26937 Music
28056 Music
10645 Music
10530 Music
26320 Music
20139 Music
12742 Music
20533 Music
4040 Music
10526 Music
23603 Music
37298 Music
21056 Music
10650 Music
13291 Music
6378 Music
22089 Music
13590 Music
10651 Music
10646 Music
10501 Music
3727 Music
19676 Music
10488 Music
10497 Music
10654 Music
12346 Music
19499 Music
10498 Music
13031 Music
13928 Music
19557 Music
21722 Music
16459 Music
37322 Music
30560 Music
10527 Music
28711 Music
6837 Music
27195 Music
21300 Music
19748 Music
16595 Music
29749 Music
25213 Music
25140 Music
25012 Music
24912 Music
24813 Music
24622 Music
23673 Music
21653 Music
18560 Music
17841 Music
17462 Music
10487 Music
7498 Music
6763 Music
5673 Music
3673 Music
15369 Music
